<?xml version="1.0" encoding="UTF-8"?>
<testsuite xmlns:xsi="http://www.w3.org/2001/XMLSchema-instance" xsi:noNamespaceSchemaLocation="https://maven.apache.org/surefire/maven-surefire-plugin/xsd/surefire-test-report-3.0.xsd" version="3.0" name="BurgerTest" time="0.286" tests="16" errors="0" skipped="0" failures="0">
  <properties>
[...]
</properties>
  <testcase name="testRemoveIngredient[Тест 0: операции с ингредиентом SAUCE &apos;острый соус&apos;]" classname="BurgerTest" time="0.055"/>
  <testcase name="testMoveIngredient[Тест 0: операции с ингредиентом SAUCE &apos;острый соус&apos;]" classname="BurgerTest" time="0.0"/>
  <testcase name="testSetBuns[Тест 0: операции с ингредиентом SAUCE &apos;острый соус&apos;]" classname="BurgerTest" time="0.0"/>
  <testcase name="testAddIngredient[Тест 0: операции с ингредиентом SAUCE &apos;острый соус&apos;]" classname="BurgerTest" time="0.0"/>
  <testcase name="testRemoveIngredient[Тест 1: операции с ингредиентом FILLING &apos;котлета&apos;]" classname="BurgerTest" time="0.0"/>
  <testcase name="testMoveIngredient[Тест 1: операции с ингредиентом FILLING &apos;котлета&apos;]" classname="BurgerTest" time="0.0"/>
  <testcase name="testSetBuns[Тест 1: операции с ингредиентом FILLING &apos;котлета&apos;]" classname="BurgerTest" time="0.0"/>
  <testcase name="testAddIngredient[Тест 1: операции с ингредиентом FILLING &apos;котлета&apos;]" classname="BurgerTest" time="0.0"/>
  <testcase name="testRemoveIngredient[Тест 2: операции с ингредиентом SAUCE &apos;сметана&apos;]" classname="BurgerTest" time="0.0"/>
  <testcase name="testMoveIngredient[Тест 2: операции с ингредиентом SAUCE &apos;сметана&apos;]" classname="BurgerTest" time="0.0"/>
  <testcase name="testSetBuns[Тест 2: операции с ингредиентом SAUCE &apos;сметана&apos;]" classname="BurgerTest" time="0.0"/>
  <testcase name="testAddIngredient[Тест 2: операции с ингредиентом SAUCE &apos;сметана&apos;]" classname="BurgerTest" time="0.0"/>
  <testcase name="testRemoveIngredient[Тест 3: операции с ингредиентом FILLING &apos;сыр&apos;]" classname="BurgerTest" time="0.0"/>
  <testcase name="testMoveIngredient[Тест 3: операции с ингредиентом FILLING &apos;сыр&apos;]" classname="BurgerTest" time="0.0"/>
  <testcase name="testSetBuns[Тест 3: операции с ингредиентом FILLING &apos;сыр&apos;]" classname="BurgerTest" time="0.0"/>
  <testcase name="testAddIngredient[Тест 3: операции с ингредиентом FILLING &apos;сыр&apos;]" classname="BurgerTest" time="0.0"/>
</testsuite>